<?xml version="1.0" encoding="UTF-8"?>
<!-- Generated by org.testng.reporters.JUnitXMLReporter -->
<testsuite ignored="0" hostname="DESKTOP-NLMSAMV" failures="0" tests="7" name="Verify Sign UP functionality" time="172.869" errors="0" timestamp="2024-12-23T13:02:38 IST">
  <testcase classname="Basic.Signup" name="Sign_Up_with_Valid_Credentials" time="13.779"/>
  <testcase classname="Basic.Signup" name="Sign_Up_with_an_already_Registered_Email" time="4.13"/>
  <testcase classname="Basic.Signup" name="SignUp_with_an_Invalid_EmailID" time="3.827"/>
  <testcase classname="Basic.Signup" name="SignUp_with_Password_ConfirmPassword_Missmatch" time="3.731"/>
  <testcase classname="Basic.Signup" name="SignUp_with_a_Password_Less_Than_6_Characters" time="4.351"/>
  <testcase classname="Basic.Signup" name="SignUp_with_an_Email_Containing_Invalid_Characters_Space" time="3.561"/>
  <testcase classname="Basic.Signup" name="SignUp_with_an_Password_Containing_Invalid_Characters_Space" time="4.522"/>
</testsuite> <!-- Verify Sign UP functionality -->
